<?xml version="1.0" encoding="UTF-8"?>
<!-- Generated by org.testng.reporters.JUnitReportReporter -->
<testsuite hostname="CISPL-IO-990.local" failures="0" tests="1" name="com.ui.tests.LoginPageTest" time="4.433" errors="0" timestamp="2024-09-27T21:52:28 IST" skipped="0">
  <testcase classname="com.ui.tests.LoginPageTest" name="testLoginByUi" time="4.433"/>
</testsuite> <!-- com.ui.tests.LoginPageTest -->
