<?xml version="1.0" encoding="UTF-8"?>
<!-- Generated by org.testng.reporters.JUnitReportReporter -->
<testsuite hostname="CISPL-IO-990.local" failures="0" tests="1" name="com.ui.tests.LoginPageTest" time="8.951" errors="0" timestamp="2024-09-23T22:25:42 IST" skipped="0">
  <testcase classname="com.ui.tests.LoginPageTest" name="testLoginByUi" time="8.951"/>
</testsuite> <!-- com.ui.tests.LoginPageTest -->
